1554647871.197806 client started (6099): version 2.6, socket /private/tmp/tmux-501/default, protocol 8
1554647871.197878 on Darwin 18.2.0 Darwin Kernel Version 18.2.0: Thu Dec 20 20:46:53 PST 2018; root:xnu-4903.241.1~1/RELEASE_X86_64; libevent 2.1.8-stable (select)
1554647871.197938 socket is /private/tmp/tmux-501/default
1554647871.197967 trying connect
1554647871.198074 add peer 0x7fbf27801000: 6 (0x0)
1554647871.199714 sending message 100 to peer 0x7fbf27801000 (4 bytes)
1554647871.199741 sending message 101 to peer 0x7fbf27801000 (7 bytes)
1554647871.199754 sending message 102 to peer 0x7fbf27801000 (13 bytes)
1554647871.199765 sending message 108 to peer 0x7fbf27801000 (30 bytes)
1554647871.199786 sending message 104 to peer 0x7fbf27801000 (0 bytes)
1554647871.199798 sending message 107 to peer 0x7fbf27801000 (4 bytes)
1554647871.199808 sending message 105 to peer 0x7fbf27801000 (23 bytes)
1554647871.199819 sending message 105 to peer 0x7fbf27801000 (12 bytes)
1554647871.199829 sending message 105 to peer 0x7fbf27801000 (16 bytes)
1554647871.199839 sending message 105 to peer 0x7fbf27801000 (57 bytes)
1554647871.199850 sending message 105 to peer 0x7fbf27801000 (76 bytes)
1554647871.199860 sending message 105 to peer 0x7fbf27801000 (27 bytes)
1554647871.199870 sending message 105 to peer 0x7fbf27801000 (60 bytes)
1554647871.199881 sending message 105 to peer 0x7fbf27801000 (11 bytes)
1554647871.199891 sending message 105 to peer 0x7fbf27801000 (66 bytes)
1554647871.199901 sending message 105 to peer 0x7fbf27801000 (34 bytes)
1554647871.199912 sending message 105 to peer 0x7fbf27801000 (42 bytes)
1554647871.199922 sending message 105 to peer 0x7fbf27801000 (151 bytes)
1554647871.199932 sending message 105 to peer 0x7fbf27801000 (34 bytes)
1554647871.199943 sending message 105 to peer 0x7fbf27801000 (17 bytes)
1554647871.199953 sending message 105 to peer 0x7fbf27801000 (22 bytes)
1554647871.199963 sending message 105 to peer 0x7fbf27801000 (14 bytes)
1554647871.199974 sending message 105 to peer 0x7fbf27801000 (13 bytes)
1554647871.199984 sending message 105 to peer 0x7fbf27801000 (19 bytes)
1554647871.199995 sending message 105 to peer 0x7fbf27801000 (8 bytes)
1554647871.200005 sending message 105 to peer 0x7fbf27801000 (18 bytes)
1554647871.200015 sending message 105 to peer 0x7fbf27801000 (14 bytes)
1554647871.200026 sending message 105 to peer 0x7fbf27801000 (61 bytes)
1554647871.200036 sending message 105 to peer 0x7fbf27801000 (14 bytes)
1554647871.200046 sending message 105 to peer 0x7fbf27801000 (24 bytes)
1554647871.200056 sending message 105 to peer 0x7fbf27801000 (20 bytes)
1554647871.200067 sending message 105 to peer 0x7fbf27801000 (22 bytes)
1554647871.200077 sending message 105 to peer 0x7fbf27801000 (17 bytes)
1554647871.200087 sending message 105 to peer 0x7fbf27801000 (15 bytes)
1554647871.200097 sending message 106 to peer 0x7fbf27801000 (0 bytes)
1554647871.200111 sending message 200 to peer 0x7fbf27801000 (4 bytes)
1554647871.200122 client loop enter
1554647871.200420 peer 0x7fbf27801000 message 211
1554647871.200459 peer 0x7fbf27801000 message 203
1554647871.200474 client loop exit
